SonarCloud plugins:
  - SonarCSS 1.2.0.1325 (cssfamily)
  - SonarPLSQL 3.4.1.2576 (plsql)
  - SonarScala 1.7.0.883 (sonarscala)
  - C# Code Quality and Security 8.7.0.17535 (csharp)
  - Vulnerability Analysis 8.3.0.1825 (security)
  - Java Code Quality and Security 6.3.0.21585 (java)
  - SonarHTML 3.2.0.2082 (web)
  - SonarFlex 2.5.1.1831 (flex)
  - SonarXML 2.0.1.2020 (xml)
  - SonarTS 2.1.0.4359 (typescript)
  - VB.NET Code Quality and Security 8.7.0.17535 (vbnet)
  - SonarSwift 4.2.2.77 (swift)
  - CFamily Code Quality and Security 6.9.0.17076 (cpp)
  - Python Code Quality and Security 2.10.0.6571 (python)
  - JaCoCo 1.1.0.898 (jacoco)
  - Mercurial 1.1.2 (scmmercurial)
  - SonarGo 1.7.0.883 (go)
  - SonarKotlin 1.7.0.883 (kotlin)
  - SonarTSQL 1.4.0.3334 (tsql)
  - SonarApex 1.7.0.883 (sonarapex)
  - SonarJS 6.2.1.12157 (javascript)
  - SonarRuby 1.7.0.883 (ruby)
  - Vulnerability Rules for C# 8.3.0.1825 (securitycsharpfrontend)
  - Vulnerability Rules for Java 8.3.0.1825 (securityjavafrontend)
  - License for SonarLint 8.0.0.7980 (license)
  - SonarCOBOL 4.4.0.3403 (cobol)
  - Vulnerability Rules for Python 8.3.0.1825 (securitypythonfrontend)
  - Git 1.11.1.2008 (scmgit)
  - PHP Code Quality and Security 3.4.0.5461 (php)
  - SonarABAP 3.8.0.2034 (abap)
  - Vulnerability Rules for PHP 8.3.0.1825 (securityphpfrontend)
Global server settings:
  - email.from=noreply@sonarcloud.io
  - email.fromName=SonarCloud
  - email.prefix=[SonarCloud]
  - sonar.auth.bitbucket.enabled=true
  - sonar.auth.microsoft.enabled=true
  - sonar.core.id=1BD809FA-AWHW8ct9-T_TB3XqouNu
  - sonar.core.serverBaseURL=https://sonarcloud.io
  - sonar.core.startTime=2020-05-15T14:04:42+0200
  - sonar.dbcleaner.weeksBeforeDeletingAllSnapshots=480
  - sonar.dbcleaner.weeksBeforeKeepingOnlyOneSnapshotByMonth=4
  - sonar.dbcleaner.weeksBeforeKeepingOnlyOneSnapshotByWeek=1
  - sonar.feature_flag.bbc_code_reports.enabled=true
  - sonar.leak.period=30
  - sonar.lf.enableGravatar=true
  - sonar.lf.logoWidthPx=105
  - sonar.organizations.anyoneCanCreate=true
  - sonar.organizations.createPersonalOrg=true
  - sonar.plsql.file.suffixes=sql,tab,pkb
  - sonar.tsql.file.suffixes=.tsql
Project server settings:
Project scanner properties:
  - sonar.binaries=C:\Users\mimia\Desktop\URJC\EAS\pruebitas\target\classes
  - sonar.coverage.exclusions=**/*.js
  - sonar.groovy.binaries=C:\Users\mimia\Desktop\URJC\EAS\pruebitas\target\classes
  - sonar.host.url=https://sonarcloud.io
  - sonar.java.binaries=C:\Users\mimia\Desktop\URJC\EAS\pruebitas\target\classes
  - sonar.java.libraries=C:\Users\mimia\.m2\repository\org\apache\commons\commons-lang3\3.10\commons-lang3-3.10.jar,C:\Users\mimia\.m2\repository\commons-logging\commons-logging\1.2\commons-logging-1.2.jar
  - sonar.java.source=7
  - sonar.java.target=7
  - sonar.java.test.libraries=C:\Users\mimia\Desktop\URJC\EAS\pruebitas\target\classes,C:\Users\mimia\.m2\repository\org\apache\commons\commons-lang3\3.10\commons-lang3-3.10.jar,C:\Users\mimia\.m2\repository\commons-logging\commons-logging\1.2\commons-logging-1.2.jar
  - sonar.libraries=C:\Users\mimia\.m2\repository\org\apache\commons\commons-lang3\3.10\commons-lang3-3.10.jar,C:\Users\mimia\.m2\repository\commons-logging\commons-logging\1.2\commons-logging-1.2.jar
  - sonar.links.ci=
  - sonar.links.homepage=
  - sonar.links.issue=
  - sonar.links.scm=
  - sonar.links.scm_dev=
  - sonar.log.level=DEBUG
  - sonar.login=******
  - sonar.moduleKey=Muffinous_pruebitas
  - sonar.organization=muffinous
  - sonar.projectBaseDir=C:\Users\mimia\Desktop\URJC\EAS\pruebitas
  - sonar.projectBuildDir=C:\Users\mimia\Desktop\URJC\EAS\pruebitas\target
  - sonar.projectKey=Muffinous_pruebitas
  - sonar.projectName=Pruebitas
  - sonar.projectVersion=1.0-SNAPSHOT
  - sonar.scanner.app=ScannerMaven
  - sonar.scanner.appVersion=3.7.0.1746/3.6.1
  - sonar.sourceEncoding=UTF-8
  - sonar.sources=C:\Users\mimia\Desktop\URJC\EAS\pruebitas\pom.xml,C:\Users\mimia\Desktop\URJC\EAS\pruebitas\src
  - sonar.verbose=true
  - sonar.working.directory=C:\Users\mimia\Desktop\URJC\EAS\pruebitas\target\sonar
